<?xml version="1.0" encoding="UTF-8"?>
<testsuite name="web.controller.HelloControllerTest" tests="0" skipped="0" failures="0" errors="0" timestamp="1970-01-01T00:00:00" hostname="SHAHN03PC" time="0.0">
  <properties/>
  <system-out><![CDATA[08:30:04.701 [Test worker] DEBUG org.springframework.test.context.junit4.SpringJUnit4ClassRunner - SpringJUnit4ClassRunner constructor called with [class web.controller.HelloControllerTest]
08:30:04.713 [Test worker] DEBUG org.springframework.test.context.BootstrapUtils - Instantiating CacheAwareContextLoaderDelegate from class [org.springframework.test.context.cache.DefaultCacheAwareContextLoaderDelegate]
08:30:04.719 [Test worker] DEBUG org.springframework.test.context.BootstrapUtils - Instantiating BootstrapContext using constructor [public org.springframework.test.context.support.DefaultBootstrapContext(java.lang.Class,org.springframework.test.context.CacheAwareContextLoaderDelegate)]
08:30:04.733 [Test worker] DEBUG org.springframework.test.context.BootstrapUtils - Instantiating TestContextBootstrapper for test class [web.controller.HelloControllerTest] from class [org.springframework.boot.test.autoconfigure.web.servlet.WebMvcTestContextBootstrapper]
08:30:04.746 [Test worker] INFO org.springframework.boot.test.autoconfigure.web.servlet.WebMvcTestContextBootstrapper - Neither @ContextConfiguration nor @ContextHierarchy found for test class [web.controller.HelloControllerTest], using SpringBootContextLoader
08:30:04.749 [Test worker] DEBUG org.springframework.test.context.support.AbstractContextLoader - Did not detect default resource location for test class [web.controller.HelloControllerTest]: class path resource [web/controller/HelloControllerTest-context.xml] does not exist
08:30:04.750 [Test worker] DEBUG org.springframework.test.context.support.AbstractContextLoader - Did not detect default resource location for test class [web.controller.HelloControllerTest]: class path resource [web/controller/HelloControllerTestContext.groovy] does not exist
08:30:04.750 [Test worker] INFO org.springframework.test.context.support.AbstractContextLoader - Could not detect default resource locations for test class [web.controller.HelloControllerTest]: no resource found for suffixes {-context.xml, Context.groovy}.
08:30:04.751 [Test worker] INFO org.springframework.test.context.support.AnnotationConfigContextLoaderUtils - Could not detect default configuration classes for test class [web.controller.HelloControllerTest]: HelloControllerTest does not declare any static, non-private, non-final, nested classes annotated with @Configuration.
08:30:04.794 [Test worker] DEBUG org.springframework.test.context.support.ActiveProfilesUtils - Could not find an 'annotation declaring class' for annotation type [org.springframework.test.context.ActiveProfiles] and class [web.controller.HelloControllerTest]
]]></system-out>
  <system-err><![CDATA[]]></system-err>
</testsuite>
